<?xml version="1.0" encoding="UTF-8"?>
<testsuite name="PenteBoardTest" tests="1" skipped="0" failures="0" errors="0" timestamp="2022-04-28T16:14:14" hostname="Camerons-MacBook-Pro.local" time="0.021">
  <properties/>
  <testcase name="doesMoveSetupComputerForCaptureInPocket()" classname="PenteBoardTest" time="0.021"/>
  <system-out><![CDATA[Yea its setting up for capture
]]></system-out>
  <system-err><![CDATA[]]></system-err>
</testsuite>
